NOTE: Picked up JDK_JAVA_OPTIONS: -Xms2250M -Xmx2250M
NOTE: Picked up JDK_JAVA_OPTIONS: -Xms2250M -Xmx2250M
10:23:25.380 [main] INFO io.mosip.mimoto.MimotoServiceApplication -- Mimoto Service version: 0.17.1 - revision: 9d7e1bc @ branch: release-0.17.x | build @ 2025-06-16T06:48:27+0000

  .   ____          _            __ _ _
 /\\ / ___'_ __ _ _(_)_ __  __ _ \ \ \ \
( ( )\___ | '_ | '_| | '_ \/ _` | \ \ \ \
 \\/  ___)| |_)| | | | | || (_| |  ) ) ) )
  '  |____| .__|_| |_|_| |_\__, | / / / /
 =========|_|==============|___/=/_/_/_/
 :: Spring Boot ::                (v3.2.3)

2025-07-16T10:23:33.395Z  INFO 1 --- [mimoto] [           main] [                                                 ] c.c.c.ConfigServicePropertySourceLocator : Fetching config from server at : http://config-server.config-server/config
2025-07-16T10:23:34.380Z  INFO 1 --- [mimoto] [           main] [                                                 ] c.c.c.ConfigServicePropertySourceLocator : Located environment: name=mimoto,inji, profiles=[default], label=0.8.0-develop, version=f8e02b458e2c3fc824a7439ba1c7f640a84c1f72, state=null
2025-07-16T10:23:34.381Z  INFO 1 --- [mimoto] [           main] [                                                 ] b.c.PropertySourceBootstrapConfiguration : Located property source: [BootstrapPropertySource {name='bootstrapProperties-configClient'}, BootstrapPropertySource {name='bootstrapProperties-overrides'}, BootstrapPropertySource {name='bootstrapProperties-https://github.com/syedsalman3753/inji-config/inji-default.properties'}, BootstrapPropertySource {name='bootstrapProperties-https://github.com/syedsalman3753/inji-config/mimoto-default.properties'}]
2025-07-16T10:23:34.583Z  INFO 1 --- [mimoto] [           main] [                                                 ] i.mosip.mimoto.MimotoServiceApplication  : The following 1 profile is active: "default"
2025-07-16T10:23:46.480Z  WARN 1 --- [mimoto] [           main] [                                                 ] trationDelegate$BeanPostProcessorChecker : Bean 'org.springframework.cloud.client.loadbalancer.LoadBalancerAutoConfiguration$RetryInterceptorAutoConfiguration' of type [org.springframework.cloud.client.loadbalancer.LoadBalancerAutoConfiguration$RetryInterceptorAutoConfiguration] is not eligible for getting processed by all BeanPostProcessors (for example: not eligible for auto-proxying). The currently created BeanPostProcessor [lbRestClientPostProcessor] is declared through a non-static factory method on that class; consider declaring it as static instead.
2025-07-16T10:23:46.488Z  WARN 1 --- [mimoto] [           main] [                                                 ] trationDelegate$BeanPostProcessorChecker : Bean 'org.springframework.cloud.loadbalancer.config.BlockingLoadBalancerClientAutoConfiguration' of type [org.springframework.cloud.loadbalancer.config.BlockingLoadBalancerClientAutoConfiguration] is not eligible for getting processed by all BeanPostProcessors (for example: not eligible for auto-proxying). Is this bean getting eagerly injected into a currently created BeanPostProcessor [lbRestClientPostProcessor]? Check the corresponding BeanPostProcessor declaration and its dependencies.
2025-07-16T10:23:46.561Z  WARN 1 --- [mimoto] [           main] [                                                 ] trationDelegate$BeanPostProcessorChecker : Bean 'org.springframework.cloud.loadbalancer.config.LoadBalancerAutoConfiguration' of type [org.springframework.cloud.loadbalancer.config.LoadBalancerAutoConfiguration] is not eligible for getting processed by all BeanPostProcessors (for example: not eligible for auto-proxying). Is this bean getting eagerly injected into a currently created BeanPostProcessor [lbRestClientPostProcessor]? Check the corresponding BeanPostProcessor declaration and its dependencies.
2025-07-16T10:23:46.586Z  WARN 1 --- [mimoto] [           main] [                                                 ] trationDelegate$BeanPostProcessorChecker : Bean 'org.springframework.cloud.commons.config.CommonsConfigAutoConfiguration' of type [org.springframework.cloud.commons.config.CommonsConfigAutoConfiguration] is not eligible for getting processed by all BeanPostProcessors (for example: not eligible for auto-proxying). Is this bean getting eagerly injected into a currently created BeanPostProcessor [lbRestClientPostProcessor]? Check the corresponding BeanPostProcessor declaration and its dependencies.
2025-07-16T10:23:46.660Z  WARN 1 --- [mimoto] [           main] [                                                 ] trationDelegate$BeanPostProcessorChecker : Bean 'org.springframework.cloud.client.loadbalancer.LoadBalancerDefaultMappingsProviderAutoConfiguration' of type [org.springframework.cloud.client.loadbalancer.LoadBalancerDefaultMappingsProviderAutoConfiguration] is not eligible for getting processed by all BeanPostProcessors (for example: not eligible for auto-proxying). Is this bean getting eagerly injected into a currently created BeanPostProcessor [lbRestClientPostProcessor]? Check the corresponding BeanPostProcessor declaration and its dependencies.
2025-07-16T10:23:46.663Z  WARN 1 --- [mimoto] [           main] [                                                 ] trationDelegate$BeanPostProcessorChecker : Bean 'loadBalancerClientsDefaultsMappingsProvider' of type [org.springframework.cloud.client.loadbalancer.LoadBalancerDefaultMappingsProviderAutoConfiguration$$Lambda/0x000076ff545fe490] is not eligible for getting processed by all BeanPostProcessors (for example: not eligible for auto-proxying). Is this bean getting eagerly injected into a currently created BeanPostProcessor [lbRestClientPostProcessor]? Check the corresponding BeanPostProcessor declaration and its dependencies.
2025-07-16T10:23:46.683Z  WARN 1 --- [mimoto] [           main] [                                                 ] trationDelegate$BeanPostProcessorChecker : Bean 'defaultsBindHandlerAdvisor' of type [org.springframework.cloud.commons.config.DefaultsBindHandlerAdvisor] is not eligible for getting processed by all BeanPostProcessors (for example: not eligible for auto-proxying). Is this bean getting eagerly injected into a currently created BeanPostProcessor [lbRestClientPostProcessor]? Check the corresponding BeanPostProcessor declaration and its dependencies.
2025-07-16T10:23:46.761Z  WARN 1 --- [mimoto] [           main] [                                                 ] trationDelegate$BeanPostProcessorChecker : Bean 'spring.cloud.loadbalancer-org.springframework.cloud.client.loadbalancer.LoadBalancerClientsProperties' of type [org.springframework.cloud.client.loadbalancer.LoadBalancerClientsProperties] is not eligible for getting processed by all BeanPostProcessors (for example: not eligible for auto-proxying). Is this bean getting eagerly injected into a currently created BeanPostProcessor [lbRestClientPostProcessor]? Check the corresponding BeanPostProcessor declaration and its dependencies.
2025-07-16T10:23:46.787Z  WARN 1 --- [mimoto] [           main] [                                                 ] trationDelegate$BeanPostProcessorChecker : Bean 'default.org.springframework.cloud.loadbalancer.config.LoadBalancerAutoConfiguration.LoadBalancerClientSpecification' of type [org.springframework.cloud.loadbalancer.annotation.LoadBalancerClientSpecification] is not eligible for getting processed by all BeanPostProcessors (for example: not eligible for auto-proxying). Is this bean getting eagerly injected into a currently created BeanPostProcessor [lbRestClientPostProcessor]? Check the corresponding BeanPostProcessor declaration and its dependencies.
2025-07-16T10:23:46.790Z  WARN 1 --- [mimoto] [           main] [                                                 ] trationDelegate$BeanPostProcessorChecker : Bean 'default.org.springframework.cloud.loadbalancer.config.BlockingLoadBalancerClientAutoConfiguration.LoadBalancerClientSpecification' of type [org.springframework.cloud.loadbalancer.annotation.LoadBalancerClientSpecification] is not eligible for getting processed by all BeanPostProcessors (for example: not eligible for auto-proxying). Is this bean getting eagerly injected into a currently created BeanPostProcessor [lbRestClientPostProcessor]? Check the corresponding BeanPostProcessor declaration and its dependencies.
2025-07-16T10:23:46.792Z  WARN 1 --- [mimoto] [           main] [                                                 ] trationDelegate$BeanPostProcessorChecker : Bean 'loadBalancerClientFactory' of type [org.springframework.cloud.loadbalancer.support.LoadBalancerClientFactory] is not eligible for getting processed by all BeanPostProcessors (for example: not eligible for auto-proxying). Is this bean getting eagerly injected into a currently created BeanPostProcessor [lbRestClientPostProcessor]? Check the corresponding BeanPostProcessor declaration and its dependencies.
2025-07-16T10:23:46.883Z  WARN 1 --- [mimoto] [           main] [                                                 ] trationDelegate$BeanPostProcessorChecker : Bean 'blockingLoadBalancerClient' of type [org.springframework.cloud.loadbalancer.blocking.client.BlockingLoadBalancerClient] is not eligible for getting processed by all BeanPostProcessors (for example: not eligible for auto-proxying). Is this bean getting eagerly injected into a currently created BeanPostProcessor [lbRestClientPostProcessor]? Check the corresponding BeanPostProcessor declaration and its dependencies.
2025-07-16T10:23:46.980Z  WARN 1 --- [mimoto] [           main] [                                                 ] trationDelegate$BeanPostProcessorChecker : Bean 'loadBalancerServiceInstanceCookieTransformer' of type [org.springframework.cloud.loadbalancer.core.LoadBalancerServiceInstanceCookieTransformer] is not eligible for getting processed by all BeanPostProcessors (for example: not eligible for auto-proxying). Is this bean getting eagerly injected into a currently created BeanPostProcessor [lbRestClientPostProcessor]? Check the corresponding BeanPostProcessor declaration and its dependencies.
2025-07-16T10:23:46.985Z  WARN 1 --- [mimoto] [           main] [                                                 ] trationDelegate$BeanPostProcessorChecker : Bean 'xForwarderHeadersTransformer' of type [org.springframework.cloud.loadbalancer.blocking.XForwardedHeadersTransformer] is not eligible for getting processed by all BeanPostProcessors (for example: not eligible for auto-proxying). Is this bean getting eagerly injected into a currently created BeanPostProcessor [lbRestClientPostProcessor]? Check the corresponding BeanPostProcessor declaration and its dependencies.
2025-07-16T10:23:46.988Z  WARN 1 --- [mimoto] [           main] [                                                 ] trationDelegate$BeanPostProcessorChecker : Bean 'org.springframework.cloud.client.loadbalancer.LoadBalancerAutoConfiguration' of type [org.springframework.cloud.client.loadbalancer.LoadBalancerAutoConfiguration] is not eligible for getting processed by all BeanPostProcessors (for example: not eligible for auto-proxying). Is this bean getting eagerly injected into a currently created BeanPostProcessor [lbRestClientPostProcessor]? Check the corresponding BeanPostProcessor declaration and its dependencies.
2025-07-16T10:23:46.992Z  WARN 1 --- [mimoto] [           main] [                                                 ] trationDelegate$BeanPostProcessorChecker : Bean 'loadBalancerRequestFactory' of type [org.springframework.cloud.client.loadbalancer.LoadBalancerRequestFactory] is not eligible for getting processed by all BeanPostProcessors (for example: not eligible for auto-proxying). Is this bean getting eagerly injected into a currently created BeanPostProcessor [lbRestClientPostProcessor]? Check the corresponding BeanPostProcessor declaration and its dependencies.
2025-07-16T10:23:47.060Z  WARN 1 --- [mimoto] [           main] [                                                 ] trationDelegate$BeanPostProcessorChecker : Bean 'org.springframework.cloud.loadbalancer.config.BlockingLoadBalancerClientAutoConfiguration$BlockingLoadBalancerRetryConfig' of type [org.springframework.cloud.loadbalancer.config.BlockingLoadBalancerClientAutoConfiguration$BlockingLoadBalancerRetryConfig$$SpringCGLIB$$0] is not eligible for getting processed by all BeanPostProcessors (for example: not eligible for auto-proxying). Is this bean getting eagerly injected into a currently created BeanPostProcessor [lbRestClientPostProcessor]? Check the corresponding BeanPostProcessor declaration and its dependencies.
2025-07-16T10:23:47.080Z  WARN 1 --- [mimoto] [           main] [                                                 ] trationDelegate$BeanPostProcessorChecker : Bean 'loadBalancedRetryFactory' of type [org.springframework.cloud.loadbalancer.blocking.retry.BlockingLoadBalancedRetryFactory] is not eligible for getting processed by all BeanPostProcessors (for example: not eligible for auto-proxying). Is this bean getting eagerly injected into a currently created BeanPostProcessor [lbRestClientPostProcessor]? Check the corresponding BeanPostProcessor declaration and its dependencies.
2025-07-16T10:23:47.088Z  WARN 1 --- [mimoto] [           main] [                                                 ] trationDelegate$BeanPostProcessorChecker : Bean 'loadBalancerInterceptor' of type [org.springframework.cloud.client.loadbalancer.RetryLoadBalancerInterceptor] is not eligible for getting processed by all BeanPostProcessors (for example: not eligible for auto-proxying). Is this bean getting eagerly injected into a currently created BeanPostProcessor [lbRestClientPostProcessor]? Check the corresponding BeanPostProcessor declaration and its dependencies.
2025-07-16T10:23:47.160Z  WARN 1 --- [mimoto] [           main] [                                                 ] trationDelegate$BeanPostProcessorChecker : Bean 'org.springframework.cloud.client.loadbalancer.reactive.LoadBalancerBeanPostProcessorAutoConfiguration' of type [org.springframework.cloud.client.loadbalancer.reactive.LoadBalancerBeanPostProcessorAutoConfiguration] is not eligible for getting processed by all BeanPostProcessors (for example: not eligible for auto-proxying). The currently created BeanPostProcessor [loadBalancerWebClientBuilderBeanPostProcessor] is declared through a non-static factory method on that class; consider declaring it as static instead.
2025-07-16T10:23:47.181Z  WARN 1 --- [mimoto] [           main] [                                                 ] trationDelegate$BeanPostProcessorChecker : Bean 'org.springframework.cloud.client.loadbalancer.reactive.LoadBalancerBeanPostProcessorAutoConfiguration$ReactorDeferringLoadBalancerFilterConfig' of type [org.springframework.cloud.client.loadbalancer.reactive.LoadBalancerBeanPostProcessorAutoConfiguration$ReactorDeferringLoadBalancerFilterConfig] is not eligible for getting processed by all BeanPostProcessors (for example: not eligible for auto-proxying). Is this bean getting eagerly injected into a currently created BeanPostProcessor [loadBalancerWebClientBuilderBeanPostProcessor]? Check the corresponding BeanPostProcessor declaration and its dependencies.
2025-07-16T10:23:47.183Z  WARN 1 --- [mimoto] [           main] [                                                 ] trationDelegate$BeanPostProcessorChecker : Bean 'reactorDeferringLoadBalancerExchangeFilterFunction' of type [org.springframework.cloud.client.loadbalancer.reactive.DeferringLoadBalancerExchangeFilterFunction] is not eligible for getting processed by all BeanPostProcessors (for example: not eligible for auto-proxying). Is this bean getting eagerly injected into a currently created BeanPostProcessor [loadBalancerWebClientBuilderBeanPostProcessor]? Check the corresponding BeanPostProcessor declaration and its dependencies.
2025-07-16T10:23:52.889Z DEBUG 1 --- [mimoto] [           main] [                                                 ] i.m.k.w.a.f.IntentVerificationFilter     : Filter 'intentVerificationFilterBean' configured for use
2025-07-16T10:23:52.891Z DEBUG 1 --- [mimoto] [           main] [                                                 ] .m.k.w.a.f.MultipleReadRequestBodyFilter : Filter 'cachingRequestBodyFilter' configured for use
2025-07-16T10:23:53.261Z  INFO 1 --- [mimoto] [           main] [                                                 ] i.m.k.a.d.c.RestTemplatePostProcessor    : Post processing REST_TEMPLATE bean : plainRestTemplate 
2025-07-16T10:23:53.289Z  INFO 1 --- [mimoto] [           main] [                                                 ] i.m.k.a.d.c.RestTemplatePostProcessor    : Post processing REST_TEMPLATE bean : selfTokenRestTemplate 
2025-07-16T10:23:55.165Z  INFO 1 --- [mimoto] [           main] [                                                 ] i.m.k.a.d.c.RestTemplatePostProcessor    : Post processing REST_TEMPLATE bean : restTemplate 
2025-07-16T10:23:56.180Z  INFO 1 --- [mimoto] [           main] [                                                 ] i.m.k.a.d.c.RestTemplatePostProcessor    : Post processing REST_TEMPLATE bean : websubRestTemplate 
2025-07-16T10:24:02.290Z  INFO 1 --- [mimoto] [           main] [                                                 ] io.mosip.mimoto.config.SwaggerConfig     : swagger open api bean is ready
2025-07-16T10:24:03.188Z  INFO 1 --- [mimoto] [TaskScheduler-1] [                                                 ] i.m.k.a.d.helper.TokenHelper             : Requesting for new Token for the provided OIDC Service(WebClient): https://iam.collab.mosip.net/auth/realms/
2025-07-16T10:24:04.480Z  INFO 1 --- [mimoto] [           main] [                                                 ] io.mosip.mimoto.config.SwaggerConfig     : swagger open api bean is ready
2025-07-16T10:24:04.889Z  INFO 1 --- [mimoto] [           main] [                                                 ] io.mosip.mimoto.config.SwaggerConfig     : swagger open api bean is ready
2025-07-16T10:24:04.895Z  INFO 1 --- [mimoto] [           main] [                                                 ] io.mosip.mimoto.config.SwaggerConfig     : swagger open api bean is ready
2025-07-16T10:24:07.689Z  WARN 1 --- [mimoto] [TaskScheduler-1] [                                                 ] o.s.c.l.core.RoundRobinLoadBalancer      : No servers available for service: iam.collab.mosip.net
2025-07-16T10:24:07.689Z  WARN 1 --- [mimoto] [TaskScheduler-1] [                                                 ] eactorLoadBalancerExchangeFilterFunction : LoadBalancer does not contain an instance for the service iam.collab.mosip.net
2025-07-16T10:24:07.787Z ERROR 1 --- [mimoto] [TaskScheduler-1] [                                                 ] i.m.k.a.d.helper.TokenHelper             : Error connecting to OIDC service (WebClient) Problem in connecting to auth service or UNKNOWN Error.
2025-07-16T10:24:07.882Z  INFO 1 --- [mimoto] [           main] [                                                 ] i.mosip.mimoto.MimotoServiceApplication  : Started MimotoServiceApplication in 42.02 seconds (process running for 47.675)
2025-07-16T10:24:08.259Z  INFO 1 --- [mimoto] [           main] [                                                 ] i.m.m.config.IssuersValidationConfig     : Validation for mimoto-issuers-config.json STARTED
2025-07-16T10:24:08.263Z  INFO 1 --- [mimoto] [           main] [                                                 ] io.mosip.mimoto.util.RestApiClient       : RestApiClient::getApi()::entry uri: http://config-server.config-server/config/mimoto/default/0.8.0-develop/mimoto-issuers-config.json
2025-07-16T10:24:08.280Z  INFO 1 --- [mimoto] [           main] [                                                 ] i.m.k.a.d.helper.TokenHelper             : Requesting for new Token for the provided OIDC Service: https://iam.collab.mosip.net/auth/realms/
2025-07-16T10:24:08.282Z  INFO 1 --- [mimoto] [           main] [                                                 ] i.m.k.a.d.c.RestTemplateInterceptor      : Injected load balancer : org.springframework.cloud.loadbalancer.blocking.client.BlockingLoadBalancerClient@37a939bc 
2025-07-16T10:24:08.290Z  WARN 1 --- [mimoto] [           main] [                                                 ] o.s.c.l.core.RoundRobinLoadBalancer      : No servers available for service: iam.collab.mosip.net
2025-07-16T10:24:08.290Z  INFO 1 --- [mimoto] [           main] [                                                 ] i.m.k.a.d.c.RestTemplateInterceptor      : Injected load balancer : org.springframework.cloud.loadbalancer.blocking.client.BlockingLoadBalancerClient@37a939bc 
2025-07-16T10:24:08.290Z  WARN 1 --- [mimoto] [           main] [                                                 ] o.s.c.l.core.RoundRobinLoadBalancer      : No servers available for service: iam.collab.mosip.net
2025-07-16T10:24:09.181Z ERROR 1 --- [mimoto] [           main] [                                                 ] i.m.k.a.d.helper.TokenHelper             : error connecting to keycloak {"error":"unauthorized_client","error_description":"Invalid client secret"}
2025-07-16T10:24:09.182Z ERROR 1 --- [mimoto] [           main] [                                                 ] i.m.k.a.d.helper.TokenHelper             : error connecting to keycloak Problem in connecting to auth service
2025-07-16T10:24:09.182Z ERROR 1 --- [mimoto] [           main] [                                                 ] i.m.k.a.d.c.SelfTokenRestInterceptor     : there is some issue with getting token with clienid and secret
2025-07-16T10:24:09.182Z ERROR 1 --- [mimoto] [           main] [                                                 ] io.mosip.mimoto.util.RestApiClient       : RestApiClient::getApi()::error uri: http://config-server.config-server/config/mimoto/default/0.8.0-develop/mimoto-issuers-config.json Self cached auth token is null {}

io.mosip.kernel.auth.defaultadapter.exception.AuthAdapterException: Self cached auth token is null
	at io.mosip.kernel.auth.defaultadapter.config.SelfTokenRestInterceptor.intercept(SelfTokenRestInterceptor.java:71) ~[kernel-auth-adapter-1.3.0-beta.1.jar!/:na]
	at org.springframework.http.client.InterceptingClientHttpRequest$InterceptingRequestExecution.execute(InterceptingClientHttpRequest.java:88) ~[spring-web-6.1.4.jar!/:6.1.4]
	at org.springframework.http.client.InterceptingClientHttpRequest.executeInternal(InterceptingClientHttpRequest.java:72) ~[spring-web-6.1.4.jar!/:6.1.4]
	at org.springframework.http.client.AbstractBufferingClientHttpRequest.executeInternal(AbstractBufferingClientHttpRequest.java:48) ~[spring-web-6.1.4.jar!/:6.1.4]
	at org.springframework.http.client.AbstractClientHttpRequest.execute(AbstractClientHttpRequest.java:66) ~[spring-web-6.1.4.jar!/:6.1.4]
	at org.springframework.web.client.RestTemplate.doExecute(RestTemplate.java:889) ~[spring-web-6.1.4.jar!/:6.1.4]
	at org.springframework.web.client.RestTemplate.execute(RestTemplate.java:830) ~[spring-web-6.1.4.jar!/:6.1.4]
	at org.springframework.web.client.RestTemplate.exchange(RestTemplate.java:691) ~[spring-web-6.1.4.jar!/:6.1.4]
	at io.mosip.mimoto.util.RestApiClient.getApi(RestApiClient.java:101) ~[!/:0.17.1]
	at io.mosip.mimoto.util.Utilities.getJson(Utilities.java:172) ~[!/:0.17.1]
	at io.mosip.mimoto.util.Utilities.getIssuersConfigJsonValue(Utilities.java:181) ~[!/:0.17.1]
	at io.mosip.mimoto.service.impl.IssuersServiceImpl.getAllIssuers(IssuersServiceImpl.java:81) ~[!/:0.17.1]
	at java.base/jdk.internal.reflect.DirectMethodHandleAccessor.invoke(Unknown Source) ~[na:na]
	at java.base/java.lang.reflect.Method.invoke(Unknown Source) ~[na:na]
	at org.springframework.aop.support.AopUtils.invokeJoinpointUsingReflection(AopUtils.java:351) ~[spring-aop-6.1.4.jar!/:6.1.4]
	at org.springframework.aop.framework.CglibAopProxy$DynamicAdvisedInterceptor.intercept(CglibAopProxy.java:713) ~[spring-aop-6.1.4.jar!/:6.1.4]
	at io.mosip.mimoto.service.impl.IssuersServiceImpl$$SpringCGLIB$$0.getAllIssuers(<generated>) ~[!/:0.17.1]
	at io.mosip.mimoto.config.IssuersValidationConfig.run(IssuersValidationConfig.java:42) ~[!/:0.17.1]
	at org.springframework.boot.SpringApplication.lambda$callRunner$4(SpringApplication.java:786) ~[spring-boot-3.2.3.jar!/:3.2.3]
	at org.springframework.util.function.ThrowingConsumer$1.acceptWithException(ThrowingConsumer.java:83) ~[kernel-auth-adapter-1.3.0-beta.1.jar!/:na]
	at org.springframework.util.function.ThrowingConsumer.accept(ThrowingConsumer.java:60) ~[kernel-auth-adapter-1.3.0-beta.1.jar!/:na]
	at org.springframework.util.function.ThrowingConsumer$1.accept(ThrowingConsumer.java:88) ~[kernel-auth-adapter-1.3.0-beta.1.jar!/:na]
	at org.springframework.boot.SpringApplication.callRunner(SpringApplication.java:798) ~[spring-boot-3.2.3.jar!/:3.2.3]
	at org.springframework.boot.SpringApplication.callRunner(SpringApplication.java:786) ~[spring-boot-3.2.3.jar!/:3.2.3]
	at org.springframework.boot.SpringApplication.lambda$callRunners$3(SpringApplication.java:774) ~[spring-boot-3.2.3.jar!/:3.2.3]
	at java.base/java.util.stream.ForEachOps$ForEachOp$OfRef.accept(Unknown Source) ~[na:na]
	at java.base/java.util.stream.SortedOps$SizedRefSortingSink.end(Unknown Source) ~[na:na]
	at java.base/java.util.stream.AbstractPipeline.copyInto(Unknown Source) ~[na:na]
	at java.base/java.util.stream.AbstractPipeline.wrapAndCopyInto(Unknown Source) ~[na:na]
	at java.base/java.util.stream.ForEachOps$ForEachOp.evaluateSequential(Unknown Source) ~[na:na]
	at java.base/java.util.stream.ForEachOps$ForEachOp$OfRef.evaluateSequential(Unknown Source) ~[na:na]
	at java.base/java.util.stream.AbstractPipeline.evaluate(Unknown Source) ~[na:na]
	at java.base/java.util.stream.ReferencePipeline.forEach(Unknown Source) ~[na:na]
	at org.springframework.boot.SpringApplication.callRunners(SpringApplication.java:774) ~[spring-boot-3.2.3.jar!/:3.2.3]
	at org.springframework.boot.SpringApplication.run(SpringApplication.java:341) ~[spring-boot-3.2.3.jar!/:3.2.3]
	at org.springframework.boot.SpringApplication.run(SpringApplication.java:1354) ~[spring-boot-3.2.3.jar!/:3.2.3]
	at org.springframework.boot.SpringApplication.run(SpringApplication.java:1343) ~[spring-boot-3.2.3.jar!/:3.2.3]
	at io.mosip.mimoto.MimotoServiceApplication.main(MimotoServiceApplication.java:72) ~[!/:0.17.1]
	at java.base/jdk.internal.reflect.DirectMethodHandleAccessor.invoke(Unknown Source) ~[na:na]
	at java.base/java.lang.reflect.Method.invoke(Unknown Source) ~[na:na]
	at org.springframework.boot.loader.launch.Launcher.launch(Launcher.java:91) ~[mimoto.jar:0.17.1]
	at org.springframework.boot.loader.launch.Launcher.launch(Launcher.java:53) ~[mimoto.jar:0.17.1]
	at org.springframework.boot.loader.launch.JarLauncher.main(JarLauncher.java:58) ~[mimoto.jar:0.17.1]

2025-07-16T10:24:09.262Z ERROR 1 --- [mimoto] [           main] [                                                 ] i.m.m.config.IssuersValidationConfig     : 

Validation failed in Mimoto-issuers-config.json:

io.mosip.mimoto.exception.ApiNotAccessibleException: RESIDENT-APP-026 --> Api not accessible failure
	at io.mosip.mimoto.service.impl.IssuersServiceImpl.getAllIssuers(IssuersServiceImpl.java:83) ~[!/:0.17.1]
	at java.base/jdk.internal.reflect.DirectMethodHandleAccessor.invoke(Unknown Source) ~[na:na]
	at java.base/java.lang.reflect.Method.invoke(Unknown Source) ~[na:na]
	at org.springframework.aop.support.AopUtils.invokeJoinpointUsingReflection(AopUtils.java:351) ~[spring-aop-6.1.4.jar!/:6.1.4]
	at org.springframework.aop.framework.CglibAopProxy$DynamicAdvisedInterceptor.intercept(CglibAopProxy.java:713) ~[spring-aop-6.1.4.jar!/:6.1.4]
	at io.mosip.mimoto.service.impl.IssuersServiceImpl$$SpringCGLIB$$0.getAllIssuers(<generated>) ~[!/:0.17.1]
	at io.mosip.mimoto.config.IssuersValidationConfig.run(IssuersValidationConfig.java:42) ~[!/:0.17.1]
	at org.springframework.boot.SpringApplication.lambda$callRunner$4(SpringApplication.java:786) ~[spring-boot-3.2.3.jar!/:3.2.3]
	at org.springframework.util.function.ThrowingConsumer$1.acceptWithException(ThrowingConsumer.java:83) ~[kernel-auth-adapter-1.3.0-beta.1.jar!/:na]
	at org.springframework.util.function.ThrowingConsumer.accept(ThrowingConsumer.java:60) ~[kernel-auth-adapter-1.3.0-beta.1.jar!/:na]
	at org.springframework.util.function.ThrowingConsumer$1.accept(ThrowingConsumer.java:88) ~[kernel-auth-adapter-1.3.0-beta.1.jar!/:na]
	at org.springframework.boot.SpringApplication.callRunner(SpringApplication.java:798) ~[spring-boot-3.2.3.jar!/:3.2.3]
	at org.springframework.boot.SpringApplication.callRunner(SpringApplication.java:786) ~[spring-boot-3.2.3.jar!/:3.2.3]
	at org.springframework.boot.SpringApplication.lambda$callRunners$3(SpringApplication.java:774) ~[spring-boot-3.2.3.jar!/:3.2.3]
	at java.base/java.util.stream.ForEachOps$ForEachOp$OfRef.accept(Unknown Source) ~[na:na]
	at java.base/java.util.stream.SortedOps$SizedRefSortingSink.end(Unknown Source) ~[na:na]
	at java.base/java.util.stream.AbstractPipeline.copyInto(Unknown Source) ~[na:na]
	at java.base/java.util.stream.AbstractPipeline.wrapAndCopyInto(Unknown Source) ~[na:na]
	at java.base/java.util.stream.ForEachOps$ForEachOp.evaluateSequential(Unknown Source) ~[na:na]
	at java.base/java.util.stream.ForEachOps$ForEachOp$OfRef.evaluateSequential(Unknown Source) ~[na:na]
	at java.base/java.util.stream.AbstractPipeline.evaluate(Unknown Source) ~[na:na]
	at java.base/java.util.stream.ReferencePipeline.forEach(Unknown Source) ~[na:na]
	at org.springframework.boot.SpringApplication.callRunners(SpringApplication.java:774) ~[spring-boot-3.2.3.jar!/:3.2.3]
	at org.springframework.boot.SpringApplication.run(SpringApplication.java:341) ~[spring-boot-3.2.3.jar!/:3.2.3]
	at org.springframework.boot.SpringApplication.run(SpringApplication.java:1354) ~[spring-boot-3.2.3.jar!/:3.2.3]
	at org.springframework.boot.SpringApplication.run(SpringApplication.java:1343) ~[spring-boot-3.2.3.jar!/:3.2.3]
	at io.mosip.mimoto.MimotoServiceApplication.main(MimotoServiceApplication.java:72) ~[!/:0.17.1]
	at java.base/jdk.internal.reflect.DirectMethodHandleAccessor.invoke(Unknown Source) ~[na:na]
	at java.base/java.lang.reflect.Method.invoke(Unknown Source) ~[na:na]
	at org.springframework.boot.loader.launch.Launcher.launch(Launcher.java:91) ~[mimoto.jar:0.17.1]
	at org.springframework.boot.loader.launch.Launcher.launch(Launcher.java:53) ~[mimoto.jar:0.17.1]
	at org.springframework.boot.loader.launch.JarLauncher.main(JarLauncher.java:58) ~[mimoto.jar:0.17.1]

{"@timestamp":"2025-07-16T10:24:10.792Z","level":"ACCESS","level_value":70000,"traceId":"-","appId":"-","statusCode":503,"req.requestURI":"/v1/mimoto/actuator/health","bytesSent":-,"timeTaken":2,"appName":"mimoto"}
2025-07-16T10:24:13.090Z ERROR 1 --- [mimoto] [           main] [                                                 ] o.s.boot.SpringApplication               : Application run failed

java.lang.RuntimeException: 

Validation failed in Mimoto-issuers-config.json:
	at io.mosip.mimoto.config.IssuersValidationConfig.run(IssuersValidationConfig.java:45) ~[!/:0.17.1]
	at org.springframework.boot.SpringApplication.lambda$callRunner$4(SpringApplication.java:786) ~[spring-boot-3.2.3.jar!/:3.2.3]
	at org.springframework.util.function.ThrowingConsumer$1.acceptWithException(ThrowingConsumer.java:83) ~[kernel-auth-adapter-1.3.0-beta.1.jar!/:na]
	at org.springframework.util.function.ThrowingConsumer.accept(ThrowingConsumer.java:60) ~[kernel-auth-adapter-1.3.0-beta.1.jar!/:na]
	at org.springframework.util.function.ThrowingConsumer$1.accept(ThrowingConsumer.java:88) ~[kernel-auth-adapter-1.3.0-beta.1.jar!/:na]
	at org.springframework.boot.SpringApplication.callRunner(SpringApplication.java:798) ~[spring-boot-3.2.3.jar!/:3.2.3]
	at org.springframework.boot.SpringApplication.callRunner(SpringApplication.java:786) ~[spring-boot-3.2.3.jar!/:3.2.3]
	at org.springframework.boot.SpringApplication.lambda$callRunners$3(SpringApplication.java:774) ~[spring-boot-3.2.3.jar!/:3.2.3]
	at java.base/java.util.stream.ForEachOps$ForEachOp$OfRef.accept(Unknown Source) ~[na:na]
	at java.base/java.util.stream.SortedOps$SizedRefSortingSink.end(Unknown Source) ~[na:na]
	at java.base/java.util.stream.AbstractPipeline.copyInto(Unknown Source) ~[na:na]
	at java.base/java.util.stream.AbstractPipeline.wrapAndCopyInto(Unknown Source) ~[na:na]
	at java.base/java.util.stream.ForEachOps$ForEachOp.evaluateSequential(Unknown Source) ~[na:na]
	at java.base/java.util.stream.ForEachOps$ForEachOp$OfRef.evaluateSequential(Unknown Source) ~[na:na]
	at java.base/java.util.stream.AbstractPipeline.evaluate(Unknown Source) ~[na:na]
	at java.base/java.util.stream.ReferencePipeline.forEach(Unknown Source) ~[na:na]
	at org.springframework.boot.SpringApplication.callRunners(SpringApplication.java:774) ~[spring-boot-3.2.3.jar!/:3.2.3]
	at org.springframework.boot.SpringApplication.run(SpringApplication.java:341) ~[spring-boot-3.2.3.jar!/:3.2.3]
	at org.springframework.boot.SpringApplication.run(SpringApplication.java:1354) ~[spring-boot-3.2.3.jar!/:3.2.3]
	at org.springframework.boot.SpringApplication.run(SpringApplication.java:1343) ~[spring-boot-3.2.3.jar!/:3.2.3]
	at io.mosip.mimoto.MimotoServiceApplication.main(MimotoServiceApplication.java:72) ~[!/:0.17.1]
	at java.base/jdk.internal.reflect.DirectMethodHandleAccessor.invoke(Unknown Source) ~[na:na]
	at java.base/java.lang.reflect.Method.invoke(Unknown Source) ~[na:na]
	at org.springframework.boot.loader.launch.Launcher.launch(Launcher.java:91) ~[mimoto.jar:0.17.1]
	at org.springframework.boot.loader.launch.Launcher.launch(Launcher.java:53) ~[mimoto.jar:0.17.1]
	at org.springframework.boot.loader.launch.JarLauncher.main(JarLauncher.java:58) ~[mimoto.jar:0.17.1]

